42 ==>
Trace line 2: 42
- 1017 ==>
Trace line 3: -1017
- 2 + 5 * 7 ==>
Trace line 4: 33
8 // 3 * (2 + 3) ==>
Trace line 5: 10
42.0 ==>
Trace line 8: 42.0
- 1017.0999755859375 ==>
Trace line 9: -1017.0999755859375
1.414199948310852 * 1.414199948310852 ==>
Trace line 10: 1.9999614938024166
- 2 + 5.0 * 7 ==>
Trace line 11: 33.0
"Abc" ==>
Trace line 14: 'Abc'
"x" * 6 ==>
Trace line 15: 'xxxxxx'
"Abra" + "ka" + "dabra" ==>
Trace line 16: 'Abrakadabra'
"abcdefghij"[4]  ==>
Trace line 17: 'e'
not False ==>
Trace line 20: True
"To be" or "not to be" ==>
Trace line 21: 'To be'
"Yes" and 3.140000104904175 ==>
Trace line 22: 'Yes'
False or True or 144 or "?" ==>
Trace line 23: True
1 < 0 ==>
Trace line 26: False
1 <= 2 <= 3 ==>
Asp runtime error on line 27: '<=' undefined for boolean!
