Trace line 4: vekter_1 = 376189452
Trace line 5: vekter_2 = 5432765432
Trace line 7: def sjekk_kontrollsiffer
Trace line 13: def kun_sifre
Trace line 23: Call function input with params: ['Fødselsnummer: ']
Trace line 23: Call function kun_sifre with params: ['15040184586']
Trace line 14: res = ''
Trace line 15: Call function len with params: ['15040184586']
Trace line 15: Call function range with params: [0, 11]
Trace line 15: for #0: i = 0
Trace line 16: c = '1'
Trace line 17: if True alt #0: ...
Trace line 18: res = '1'
Trace line 15: for #1: i = 1
Trace line 16: c = '5'
Trace line 17: if True alt #0: ...
Trace line 18: res = '15'
Trace line 15: for #2: i = 2
Trace line 16: c = '0'
Trace line 17: if True alt #0: ...
Trace line 18: res = '150'
Trace line 15: for #3: i = 3
Trace line 16: c = '4'
Trace line 17: if True alt #0: ...
Trace line 18: res = '1504'
Trace line 15: for #4: i = 4
Trace line 16: c = '0'
Trace line 17: if True alt #0: ...
Trace line 18: res = '15040'
Trace line 15: for #5: i = 5
Trace line 16: c = '1'
Trace line 17: if True alt #0: ...
Trace line 18: res = '150401'
Trace line 15: for #6: i = 6
Trace line 16: c = '8'
Trace line 17: if True alt #0: ...
Trace line 18: res = '1504018'
Trace line 15: for #7: i = 7
Trace line 16: c = '4'
Trace line 17: if True alt #0: ...
Trace line 18: res = '15040184'
Trace line 15: for #8: i = 8
Trace line 16: c = '5'
Trace line 17: if True alt #0: ...
Trace line 18: res = '150401845'
Trace line 15: for #9: i = 9
Trace line 16: c = '8'
Trace line 17: if True alt #0: ...
Trace line 18: res = '1504018458'
Trace line 15: for #10: i = 10
Trace line 16: c = '6'
Trace line 17: if True alt #0: ...
Trace line 18: res = '15040184586'
Trace line 21: return '15040184586'
Trace line 23: fnr = '15040184586'
Trace line 24: while True: ...
Trace line 25: Call function len with params: ['15040184586']
Trace line 25: Call function len with params: ['15040184586']
Trace line 25: else: ....
Trace line 28: sifre = 00000000000
Trace line 29: Call function range with params: [0, 11]
Trace line 29: for #0: i = 0
Trace line 30: Call function int with params: ['1']
Trace line 29: for #1: i = 1
Trace line 30: Call function int with params: ['5']
Trace line 29: for #2: i = 2
Trace line 30: Call function int with params: ['0']
Trace line 29: for #3: i = 3
Trace line 30: Call function int with params: ['4']
Trace line 29: for #4: i = 4
Trace line 30: Call function int with params: ['0']
Trace line 29: for #5: i = 5
Trace line 30: Call function int with params: ['1']
Trace line 29: for #6: i = 6
Trace line 30: Call function int with params: ['8']
Trace line 29: for #7: i = 7
Trace line 30: Call function int with params: ['4']
Trace line 29: for #8: i = 8
Trace line 30: Call function int with params: ['5']
Trace line 29: for #9: i = 9
Trace line 30: Call function int with params: ['8']
Trace line 29: for #10: i = 10
Trace line 30: Call function int with params: ['6']
Trace line 31: Call function sjekk_kontrollsiffer with params: [9, 376189452]
Trace line 8: sum = 0
Trace line 9: Call function range with params: [0, 9]
Trace line 9: for #0: i = 0
Trace line 10: sum = 3
Trace line 9: for #1: i = 1
Trace line 10: sum = 38
Trace line 9: for #2: i = 2
Trace line 10: sum = 38
Trace line 9: for #3: i = 3
Trace line 10: sum = 42
Trace line 9: for #4: i = 4
Trace line 10: sum = 42
Trace line 9: for #5: i = 5
Trace line 10: sum = 51
Trace line 9: for #6: i = 6
Trace line 10: sum = 83
Trace line 9: for #7: i = 7
Trace line 10: sum = 103
Trace line 9: for #8: i = 8
Trace line 10: sum = 113
Trace line 11: return True
Trace line 31: Call function sjekk_kontrollsiffer with params: [10, 5432765432]
Trace line 8: sum = 0
Trace line 9: Call function range with params: [0, 10]
Trace line 9: for #0: i = 0
Trace line 10: sum = 5
Trace line 9: for #1: i = 1
Trace line 10: sum = 25
Trace line 9: for #2: i = 2
Trace line 10: sum = 25
Trace line 9: for #3: i = 3
Trace line 10: sum = 33
Trace line 9: for #4: i = 4
Trace line 10: sum = 33
Trace line 9: for #5: i = 5
Trace line 10: sum = 39
Trace line 9: for #6: i = 6
Trace line 10: sum = 79
Trace line 9: for #7: i = 7
Trace line 10: sum = 95
Trace line 9: for #8: i = 8
Trace line 10: sum = 110
Trace line 9: for #9: i = 9
Trace line 10: sum = 126
Trace line 11: return True
Trace line 31: if True alt #0: ...
Trace line 32: Call function print with params: ['Fødselsnummer', '15040184586', 'er OK.']
Trace line 32: None
Trace line 36: Call function input with params: ['Fødselsnummer: ']
Trace line 36: Call function kun_sifre with params: ['1312312']
Trace line 14: res = ''
Trace line 15: Call function len with params: ['1312312']
Trace line 15: Call function range with params: [0, 7]
Trace line 15: for #0: i = 0
Trace line 16: c = '1'
Trace line 17: if True alt #0: ...
Trace line 18: res = '1'
Trace line 15: for #1: i = 1
Trace line 16: c = '3'
Trace line 17: if True alt #0: ...
Trace line 18: res = '13'
Trace line 15: for #2: i = 2
Trace line 16: c = '1'
Trace line 17: if True alt #0: ...
Trace line 18: res = '131'
Trace line 15: for #3: i = 3
Trace line 16: c = '2'
Trace line 17: if True alt #0: ...
Trace line 18: res = '1312'
Trace line 15: for #4: i = 4
Trace line 16: c = '3'
Trace line 17: if True alt #0: ...
Trace line 18: res = '13123'
Trace line 15: for #5: i = 5
Trace line 16: c = '1'
Trace line 17: if True alt #0: ...
Trace line 18: res = '131231'
Trace line 15: for #6: i = 6
Trace line 16: c = '2'
Trace line 17: if True alt #0: ...
Trace line 18: res = '1312312'
Trace line 21: return '1312312'
Trace line 36: fnr = '1312312'
Trace line 24: while True: ...
Trace line 25: Call function len with params: ['1312312']
Trace line 25: Call function len with params: ['1312312']
Trace line 25: if True alt #0: ...
Trace line 26: Call function print with params: ['1312312', 'har ikke 11 sifre!']
Trace line 26: None
Trace line 36: Call function input with params: ['Fødselsnummer: ']
Trace line 36: Call function kun_sifre with params: ['']
Trace line 14: res = ''
Trace line 15: Call function len with params: ['']
Trace line 15: Call function range with params: [0, 0]
Trace line 21: return ''
Trace line 36: fnr = ''
Trace line 24: while False:
