<program>
   1: True
  <stmt>
    <small stmt list>
      <small stmt>
        <expr stmt>
          <expr>
            <and test>
              <not test>
                <comparison>
                  <term>
                    <factor>
                      <primary>
                        <atom>
                          <boolean literal>
                          </boolean literal>
                        </atom>
                      </primary>
                    </factor>
                  </term>
                </comparison>
              </not test>
            </and test>
          </expr>
        </expr stmt>
      </small stmt>
    </small stmt list>
  </stmt>
</program>

True
