Trace line 4: ukedag = ['man', 'tirs', 'ons', 'tors', 'fre', 'lør', 'søn']
Trace line 5: m_leng = [0, 31, 28, 31, 30, 31, 30, 31, 31, 30, 31, 30, 31]
Trace line 7: m_navn = [0, 0, 0, 0, 0, 0, 0, 0, 0, 0, 0, 0, 0]
Trace line 8: m_navn[1] = 'januar'
Trace line 8: m_navn[2] = 'februar'
Trace line 8: m_navn[3] = 'mars'
Trace line 9: m_navn[4] = 'april'
Trace line 9: m_navn[5] = 'mai'
Trace line 9: m_navn[6] = 'juni'
Trace line 10: m_navn[7] = 'juli'
Trace line 10: m_navn[8] = 'august'
Trace line 10: m_navn[9] = 'september'
Trace line 11: m_navn[10] = 'oktober'
Trace line 11: m_navn[11] = 'november'
Trace line 11: m_navn[12] = 'desember'
Trace line 15: def finn_maaned
Trace line 21: def les_maaned
Trace line 29: def er_skuddaar
Trace line 33: def finn_m_leng
Trace line 38: def finn_dag_nr
Trace line 53: Call function input with params: ['Oppgi et år: ']
Trace line 53: Call function int with params: ['01']
Trace line 53: aar = 1
Trace line 54: Call function les_maaned with params: []
Trace line 22: while True: ...
Trace line 23: Call function input with params: ['Oppgi en måned: ']
Trace line 23: m_id = '01'
Trace line 24: Call function finn_maaned with params: ['01']
Trace line 16: Call function len with params: [[0, 'januar', 'februar', 'mars', 'april', 'mai', 'juni', 'juli', 'august', 'september', 'oktober', 'november', 'desember']]
Trace line 16: Call function range with params: [1, 13]
Trace line 16: for #0: m_ix = 1
Trace line 16: for #1: m_ix = 2
Trace line 16: for #2: m_ix = 3
Trace line 16: for #3: m_ix = 4
Trace line 16: for #4: m_ix = 5
Trace line 16: for #5: m_ix = 6
Trace line 16: for #6: m_ix = 7
Trace line 16: for #7: m_ix = 8
Trace line 16: for #8: m_ix = 9
Trace line 16: for #9: m_ix = 10
Trace line 16: for #10: m_ix = 11
Trace line 16: for #11: m_ix = 12
Trace line 18: return 0
Trace line 24: m_num = 0
Trace line 26: Call function print with params: ['Ulovlig måned!']
Trace line 26: None
Trace line 22: while True: ...
Trace line 23: Call function input with params: ['Oppgi en måned: ']
Trace line 23: m_id = 'april'
Trace line 24: Call function finn_maaned with params: ['april']
Trace line 16: Call function len with params: [[0, 'januar', 'februar', 'mars', 'april', 'mai', 'juni', 'juli', 'august', 'september', 'oktober', 'november', 'desember']]
Trace line 16: Call function range with params: [1, 13]
Trace line 16: for #0: m_ix = 1
Trace line 16: for #1: m_ix = 2
Trace line 16: for #2: m_ix = 3
Trace line 16: for #3: m_ix = 4
Trace line 17: if True alt #0: ...
Trace line 17: return 4
Trace line 24: m_num = 4
Trace line 25: if True alt #0: ...
Trace line 25: return 4
Trace line 54: maaned = 4
Trace line 55: Call function input with params: ['Oppgi en dag: ']
Trace line 55: Call function int with params: ['02']
Trace line 55: dag = 2
Trace line 56: Call function finn_dag_nr with params: [1, 4, 2]
Trace line 39: d_nr = 2
Trace line 42: Call function range with params: [1900, 1]
Trace line 42: For loop range is not a list!
Trace line 47: Call function range with params: [1, 4]
Trace line 47: for #0: mx = 1
Trace line 48: Call function finn_m_leng with params: [1, 1]
Trace line 35: return 31
Trace line 48: d_nr = 33
Trace line 47: for #1: mx = 2
Trace line 48: Call function finn_m_leng with params: [2, 1]
Trace line 34: Call function er_skuddaar with params: [1]
Trace line 30: return False
Trace line 35: return 28
Trace line 48: d_nr = 61
Trace line 47: for #2: mx = 3
Trace line 48: Call function finn_m_leng with params: [3, 1]
Trace line 35: return 31
Trace line 48: d_nr = 92
Trace line 50: return 92
Trace line 56: u_dag = 'mandag'
Trace line 57: Call function str with params: [2]
Trace line 57: Call function print with params: ['2.', 'april', 1, 'er en', 'mandag']
Trace line 57: None
